Using pre-set license
Built from '2020.3/release' branch; Version is '2020.3.15f2 (6cf78cb77498) revision 7141260'; Using compiler version '192528614'; Build Type 'Release'
OS: 'Windows 10 Home; OS build 19043.1466; Version 2009; 64bit' Language: 'en' Physical Memory: 16310 MB
BatchMode: 1, IsHumanControllingUs: 0, StartBugReporterOnCrash: 0, Is64bit: 1, IsPro: 0

 COMMAND LINE ARGUMENTS:
C:\Program Files\Unity\Hub\Editor\2020.3.15f2\Editor\Unity.exe
-adb2
-batchMode
-noUpm
-name
AssetImportWorker0
-projectPath
H:/Unity/projects/ERS/Estonian Robbing Simulator
-logFile
Logs/AssetImportWorker0.log
-srvPort
60725
Successfully changed project path to: H:/Unity/projects/ERS/Estonian Robbing Simulator
H:/Unity/projects/ERS/Estonian Robbing Simulator
Using Asset Import Pipeline V2.
Refreshing native plugins compatible for Editor in 36.71 ms, found 2 plugins.
Preloading 0 native plugins for Editor in 0.00 ms.
Initialize engine version: 2020.3.15f2 (6cf78cb77498)
[Subsystems] Discovering subsystems at path C:/Program Files/Unity/Hub/Editor/2020.3.15f2/Editor/Data/Resources/UnitySubsystems
[Subsystems] Discovering subsystems at path H:/Unity/projects/ERS/Estonian Robbing Simulator/Assets
GfxDevice: creating device client; threaded=0
Direct3D:
    Version:  Direct3D 11.0 [level 11.1]
    Renderer: NVIDIA GeForce RTX 2070 (ID=0x1f02)
    Vendor:   
    VRAM:     8031 MB
    Driver:   30.0.14.9729
Initialize mono
Mono path[0] = 'C:/Program Files/Unity/Hub/Editor/2020.3.15f2/Editor/Data/Managed'
Mono path[1] = 'C:/Program Files/Unity/Hub/Editor/2020.3.15f2/Editor/Data/MonoBleedingEdge/lib/mono/unityjit'
Mono config path = 'C:/Program Files/Unity/Hub/Editor/2020.3.15f2/Editor/Data/MonoBleedingEdge/etc'
Using monoOptions --debugger-agent=transport=dt_socket,embedding=1,server=y,suspend=n,address=127.0.0.1:56772
Begin MonoManager ReloadAssembly
Registering precompiled unity dll's ...
Register platform support module: C:/Program Files/Unity/Hub/Editor/2020.3.15f2/Editor/Data/PlaybackEngines/WebGLSupport/UnityEditor.WebGL.Extensions.dll
Register platform support module: C:/Program Files/Unity/Hub/Editor/2020.3.15f2/Editor/Data/PlaybackEngines/WindowsStandaloneSupport/UnityEditor.WindowsStandalone.Extensions.dll
Registered in 0.004200 seconds.
Native extension for WindowsStandalone target not found
Native extension for WebGL target not found
Refreshing native plugins compatible for Editor in 30.40 ms, found 2 plugins.
Preloading 0 native plugins for Editor in 0.00 ms.
Mono: successfully reloaded assembly
- Completed reload, in  1.442 seconds
Domain Reload Profiling:
	ReloadAssembly (1443ms)
		BeginReloadAssembly (65ms)
			ExecutionOrderSort (0ms)
			DisableScriptedObjects (0ms)
			BackupInstance (0ms)
			ReleaseScriptingObjects (0ms)
			CreateAndSetChildDomain (1ms)
		EndReloadAssembly (424ms)
			LoadAssemblies (63ms)
			RebuildTransferFunctionScriptingTraits (0ms)
			SetupTypeCache (153ms)
			ReleaseScriptCaches (0ms)
			RebuildScriptCaches (29ms)
			SetupLoadedEditorAssemblies (161ms)
				LogAssemblyErrors (0ms)
				InitializePlatformSupportModulesInManaged (5ms)
				SetLoadedEditorAssemblies (0ms)
				RefreshPlugins (31ms)
				BeforeProcessingInitializeOnLoad (14ms)
				ProcessInitializeOnLoadAttributes (83ms)
				ProcessInitializeOnLoadMethodAttributes (28ms)
				AfterProcessingInitializeOnLoad (0ms)
				EditorAssembliesLoaded (0ms)
			ExecutionOrderSort2 (0ms)
			AwakeInstancesAfterBackupRestoration (0ms)
Platform modules already initialized, skipping
Registering precompiled user dll's ...
Registered in 0.010157 seconds.
Begin MonoManager ReloadAssembly
Native extension for WindowsStandalone target not found
Native extension for WebGL target not found
Refreshing native plugins compatible for Editor in 0.34 ms, found 2 plugins.
Preloading 0 native plugins for Editor in 0.00 ms.
Mono: successfully reloaded assembly
- Completed reload, in  1.181 seconds
Domain Reload Profiling:
	ReloadAssembly (1182ms)
		BeginReloadAssembly (159ms)
			ExecutionOrderSort (0ms)
			DisableScriptedObjects (5ms)
			BackupInstance (0ms)
			ReleaseScriptingObjects (0ms)
			CreateAndSetChildDomain (18ms)
		EndReloadAssembly (946ms)
			LoadAssemblies (107ms)
			RebuildTransferFunctionScriptingTraits (0ms)
			SetupTypeCache (277ms)
			ReleaseScriptCaches (0ms)
			RebuildScriptCaches (41ms)
			SetupLoadedEditorAssemblies (426ms)
				LogAssemblyErrors (0ms)
				InitializePlatformSupportModulesInManaged (6ms)
				SetLoadedEditorAssemblies (0ms)
				RefreshPlugins (0ms)
				BeforeProcessingInitializeOnLoad (107ms)
				ProcessInitializeOnLoadAttributes (297ms)
				ProcessInitializeOnLoadMethodAttributes (4ms)
				AfterProcessingInitializeOnLoad (11ms)
				EditorAssembliesLoaded (0ms)
			ExecutionOrderSort2 (0ms)
			AwakeInstancesAfterBackupRestoration (7ms)
Platform modules already initialized, skipping
========================================================================
Worker process is ready to serve import requests
Launched and connected shader compiler UnityShaderCompiler.exe after 0.05 seconds
Refreshing native plugins compatible for Editor in 0.31 ms, found 2 plugins.
Preloading 0 native plugins for Editor in 0.00 ms.
Unloading 1396 Unused Serialized files (Serialized files now loaded: 0)
System memory in use before: 65.0 MB.
System memory in use after: 65.1 MB.

Unloading 19 unused Assets to reduce memory usage. Loaded Objects now: 1829.
Total: 2.136000 ms (FindLiveObjects: 0.161800 ms CreateObjectMapping: 0.034200 ms MarkObjects: 1.860100 ms  DeleteObjects: 0.078900 ms)

AssetImportParameters requested are different than current active one (requested -> active):
  custom:framework-win-MediaFoundation: 216162199b28c13a410421893ffa2e32 -> 
  custom:video-decoder-ogg-theora: a1e56fd34408186e4bbccfd4996cb3dc -> 
  custom:container-muxer-webm: aa71ff27fc2769a1b78a27578f13a17b -> 
  custom:container-demuxer-webm: 4f35f7cbe854078d1ac9338744f61a02 -> 
  custom:container-demuxer-ogg: 62fdf1f143b41e24485cea50d1cbac27 -> 
  custom:video-encoder-webm-vp8: eb34c28f22e8b96e1ab97ce403110664 -> 
  custom:video-codec-MediaFoundation-h265: 746d11721c4dcdbdad8f713fa42b33f4 -> 
  custom:video-decoder-webm-vp8: 9c59270c3fd7afecdb556c50c9e8de78 -> 
  custom:audio-decoder-ogg-vorbis: bf7c407c2cedff20999df2af8eb42d56 -> 
  custom:audio-encoder-webm-vorbis: bf7c407c2cedff20999df2af8eb42d56 -> 
========================================================================
Received Import Request.
  path: Assets/Models/Hiace/Hiace side.png
  artifactKey: Guid(02a34535c3b5d7549b6be34a2dbef05c) Importer(815301076,1909f56bfc062723c751e8b465ee728b)
Start importing Assets/Models/Hiace/Hiace side.png using Guid(02a34535c3b5d7549b6be34a2dbef05c) Importer(815301076,1909f56bfc062723c751e8b465ee728b)  -> (artifact id: '8531d3bd85476483c0c9b4bc4da6aa58') in 0.090340 seconds 
  Import took 0.092611 seconds .

========================================================================
Received Import Request.
  Time since last request: 0.000251 seconds.
  path: Assets/Models/Hiace/HiaceTexture.png
  artifactKey: Guid(7c1ae8dd122975846b31f554ba679c10) Importer(815301076,1909f56bfc062723c751e8b465ee728b)
Start importing Assets/Models/Hiace/HiaceTexture.png using Guid(7c1ae8dd122975846b31f554ba679c10) Importer(815301076,1909f56bfc062723c751e8b465ee728b)  -> (artifact id: '6d90c733f13a3bc6b1aeb26cf439e187') in 0.008713 seconds 
  Import took 0.010747 seconds .

========================================================================
Received Import Request.
  Time since last request: 0.000280 seconds.
  path: Assets/Models/Hiace/Hiace.blend
  artifactKey: Guid(4111546f7adf6cc458aa05f8bc86e4de) Importer(815301076,1909f56bfc062723c751e8b465ee728b)
Start importing Assets/Models/Hiace/Hiace.blend using Guid(4111546f7adf6cc458aa05f8bc86e4de) Importer(815301076,1909f56bfc062723c751e8b465ee728b)  -> (artifact id: '65dec2312d7d18b25acffdee74bd5641') in 0.122945 seconds 
  Import took 0.125074 seconds .

========================================================================
Received Import Request.
  Time since last request: 0.000339 seconds.
  path: Assets/Audio/FootstepStone2.mp3
  artifactKey: Guid(59c312cad683f4d47b4ab50365c1d1ef) Importer(815301076,1909f56bfc062723c751e8b465ee728b)
Start importing Assets/Audio/FootstepStone2.mp3 using Guid(59c312cad683f4d47b4ab50365c1d1ef) Importer(815301076,1909f56bfc062723c751e8b465ee728b)  -> (artifact id: '906670a3a026facdacca581aaa4c255d') in 0.019200 seconds 
  Import took 0.021546 seconds .

========================================================================
Received Import Request.
  Time since last request: 0.000264 seconds.
  path: Assets/Audio/FootstepStone1.mp3
  artifactKey: Guid(2e57a05b315d0e049a81044ee99eb3f8) Importer(815301076,1909f56bfc062723c751e8b465ee728b)
Start importing Assets/Audio/FootstepStone1.mp3 using Guid(2e57a05b315d0e049a81044ee99eb3f8) Importer(815301076,1909f56bfc062723c751e8b465ee728b)  -> (artifact id: '2fb37f14b99c17b6b00753d9d6433c0c') in 0.021822 seconds 
  Import took 0.023894 seconds .

========================================================================
Received Import Request.
  Time since last request: 0.000308 seconds.
  path: Assets/Models/Hiace
  artifactKey: Guid(19f6bfdbd94e1eb48b61783fe3822133) Importer(815301076,1909f56bfc062723c751e8b465ee728b)
Start importing Assets/Models/Hiace using Guid(19f6bfdbd94e1eb48b61783fe3822133) Importer(815301076,1909f56bfc062723c751e8b465ee728b)  -> (artifact id: '2a338c3b79f0b35139fe4334714b9656') in 0.003442 seconds 
  Import took 0.005666 seconds .

========================================================================
Received Import Request.
  Time since last request: 0.000219 seconds.
  path: Assets/Audio/FootstepStone3.mp3
  artifactKey: Guid(f5e07b45545a6a646874e043f7c8fa4e) Importer(815301076,1909f56bfc062723c751e8b465ee728b)
Start importing Assets/Audio/FootstepStone3.mp3 using Guid(f5e07b45545a6a646874e043f7c8fa4e) Importer(815301076,1909f56bfc062723c751e8b465ee728b)  -> (artifact id: '5393c422c111b8d2bddeda70195ae426') in 0.027370 seconds 
  Import took 0.029702 seconds .

AssetImportWorkerClient::OnTransportError - code=2 error=End of file
